[debug] [2025-04-04T06:25:42.223Z] ----------------------------------------------------------------------
[debug] [2025-04-04T06:25:42.225Z] Command:       C:\Program Files\nodejs\node.exe C:\Users\skpre\AppData\Roaming\npm\node_modules\firebase-tools\lib\bin\firebase.js deploy
[debug] [2025-04-04T06:25:42.225Z] CLI Version:   14.1.0
[debug] [2025-04-04T06:25:42.225Z] Platform:      win32
[debug] [2025-04-04T06:25:42.226Z] Node Version:  v20.9.0
[debug] [2025-04-04T06:25:42.226Z] Time:          Fri Apr 04 2025 11:55:42 GMT+0530 (India Standard Time)
[debug] [2025-04-04T06:25:42.226Z] ----------------------------------------------------------------------
[debug] 
[debug] [2025-04-04T06:25:42.394Z] > command requires scopes: ["email","openid","https://www.googleapis.com/auth/cloudplatformprojects.readonly","https://www.googleapis.com/auth/firebase","https://www.googleapis.com/auth/cloud-platform"]
[debug] [2025-04-04T06:25:42.395Z] > authorizing via signed-in user (skprerna2412@gmail.com)
[debug] [2025-04-04T06:25:42.395Z] [iam] checking project requal-admin for permissions ["firebase.projects.get","firebasehosting.sites.update"]
[debug] [2025-04-04T06:25:42.396Z] Checked if tokens are valid: true, expires at: 1743751361512
[debug] [2025-04-04T06:25:42.396Z] Checked if tokens are valid: true, expires at: 1743751361512
[debug] [2025-04-04T06:25:42.397Z] >>> [apiv2][query] POST https://cloudresourcemanager.googleapis.com/v1/projects/requal-admin:testIamPermissions [none]
[debug] [2025-04-04T06:25:42.397Z] >>> [apiv2][(partial)header] POST https://cloudresourcemanager.googleapis.com/v1/projects/requal-admin:testIamPermissions x-goog-quota-user=projects/requal-admin
[debug] [2025-04-04T06:25:42.397Z] >>> [apiv2][body] POST https://cloudresourcemanager.googleapis.com/v1/projects/requal-admin:testIamPermissions {"permissions":["firebase.projects.get","firebasehosting.sites.update"]}
[debug] [2025-04-04T06:25:43.955Z] <<< [apiv2][status] POST https://cloudresourcemanager.googleapis.com/v1/projects/requal-admin:testIamPermissions 200
[debug] [2025-04-04T06:25:43.955Z] <<< [apiv2][body] POST https://cloudresourcemanager.googleapis.com/v1/projects/requal-admin:testIamPermissions {}
[debug] [2025-04-04T06:25:43.955Z] [iam] error while checking permissions, command may fail: Authorization failed. This account is missing the following required permissions on project requal-admin:

  firebase.projects.get
  firebasehosting.sites.update
[debug] [2025-04-04T06:25:43.956Z] Checked if tokens are valid: true, expires at: 1743751361512
[debug] [2025-04-04T06:25:43.956Z] Checked if tokens are valid: true, expires at: 1743751361512
[debug] [2025-04-04T06:25:43.956Z] >>> [apiv2][query] GET https://firebase.googleapis.com/v1beta1/projects/requal-admin [none]
[debug] [2025-04-04T06:25:44.574Z] <<< [apiv2][status] GET https://firebase.googleapis.com/v1beta1/projects/requal-admin 403
[debug] [2025-04-04T06:25:44.574Z] <<< [apiv2][body] GET https://firebase.googleapis.com/v1beta1/projects/requal-admin {"error":{"code":403,"message":"The caller does not have permission","status":"PERMISSION_DENIED"}}
[debug] [2025-04-04T06:25:44.574Z] Request to https://firebase.googleapis.com/v1beta1/projects/requal-admin had HTTP Error: 403, The caller does not have permission
[debug] [2025-04-04T06:25:44.910Z] FirebaseError: Request to https://firebase.googleapis.com/v1beta1/projects/requal-admin had HTTP Error: 403, The caller does not have permission
    at responseToError (C:\Users\skpre\AppData\Roaming\npm\node_modules\firebase-tools\lib\responseToError.js:52:12)
    at RetryOperation._fn (C:\Users\skpre\AppData\Roaming\npm\node_modules\firebase-tools\lib\apiv2.js:312:77)
    at process.processTicksAndRejections (node:internal/process/task_queues:95:5)
[error] 
[error] Error: Failed to get Firebase project requal-admin. Please make sure the project exists and your account has permission to access it.
